Test: Single primary, no backup ...
  ... Passed
Test: Add a backup ...
  ... Passed
Test: Count RPCs to viewserver ...
  ... Passed
Test: Primary failure ...
  ... Passed
Test: Kill last server, new one should not be active ...
  ... Passed
Test: at-most-once Append; unreliable ...
  ... Passed
Test: Put() immediately after backup failure ...
  ... Passed
Test: Put() immediately after primary failure ...
  ... Passed
Test: Concurrent Put()s to the same key ...
  ... Passed
Test: Concurrent Append()s to the same key ...
  ... Passed
Test: Concurrent Put()s to the same key; unreliable ...
