Test: Basic Join/Leave (lab4) ...
  ... Passed
Test: Shards really move (lab4) ...
  ... Passed
Test: Reconfiguration with some dead replicas (lab4) ...
  ... Passed
Test: Concurrent Put/Get/Move (lab4) ...
  ... Passed
Test: Concurrent Put/Get/Move (unreliable) (lab4) ...
  ... Passed
Test: Basic Persistence ...
  ... Passed
Test: One server restarts ...
  ... Passed
Test: Servers don't use too much disk space ...
  ... Passed
Test: Servers don't use too much disk space for Appends ...
  ... Passed
Test: One server loses disk and restarts ...
  ... Passed
Test: One server down, another loses disk ...
  ... Passed
Test: Concurrent Append and Crash ...
  ... Passed
Test: Simultaneous Append and Crash ...
  ... Passed
Test: replica waits correctly after disk loss ...
  ... Passed
Test: replica Paxos resumes correctly after disk loss ...
  ... Passed
PASS
ok  	diskv	261.121s
